NAME                : jabr14
PROBLEM STATUS      : PRIMAL_AND_DUAL_FEASIBLE
SOLUTION STATUS     : OPTIMAL
OBJECTIVE NAME      : maxRsum
PRIMAL OBJECTIVE    : 1.08296809e+01    
DUAL OBJECTIVE      : 1.08296805e+01    

CONSTRAINTS
INDEX      NAME                    AT ACTIVITY                 LOWER LIMIT        UPPER LIMIT        DUAL LOWER               DUAL UPPER              
0          u0[0]                   EQ 7.94505179341205e-01     7.94505179e-01     7.94505179e-01     -0.00000000000000e+00    -2.88917397133951e+01   
1          cone0_1[0]              EQ 0.00000000000000e+00     0.00000000e+00     0.00000000e+00     -2.93885571415355e+00    -0.00000000000000e+00   
2          cone0_1[1]              EQ 0.00000000000000e+00     0.00000000e+00     0.00000000e+00     -3.02274848440619e+00    -0.00000000000000e+00   
3          cone0_1[2]              EQ 0.00000000000000e+00     0.00000000e+00     0.00000000e+00     -0.00000000000000e+00    -4.21117151635410e+00   
4          cone0_1[3]              EQ 0.00000000000000e+00     0.00000000e+00     0.00000000e+00     -0.00000000000000e+00    -1.81318566796442e-01   
5          cone0_4[0]              EQ 0.00000000000000e+00     0.00000000e+00     0.00000000e+00     -2.59528839992416e+01    -0.00000000000000e+00   
6          cone0_4[1]              EQ 0.00000000000000e+00     0.00000000e+00     0.00000000e+00     -3.60150234239363e+01    -0.00000000000000e+00   
7          cone0_4[2]              EQ 0.00000000000000e+00     0.00000000e+00     0.00000000e+00     -0.00000000000000e+00    -4.06858244299343e+01   
8          cone0_4[3]              EQ 0.00000000000000e+00     0.00000000e+00     0.00000000e+00     -0.00000000000000e+00    -1.46304864537467e+01   
9          cone1_2[0]              EQ 0.00000000000000e+00     0.00000000e+00     0.00000000e+00     -2.89680765783407e+00    -0.00000000000000e+00   
10         cone1_2[1]              EQ 0.00000000000000e+00     0.00000000e+00     0.00000000e+00     -3.10085523677517e+00    -0.00000000000000e+00   
11         cone1_2[2]              EQ 0.00000000000000e+00     0.00000000e+00     0.00000000e+00     -0.00000000000000e+00    -4.16722291725019e+00   
12         cone1_2[3]              EQ 0.00000000000000e+00     0.00000000e+00     0.00000000e+00     -0.00000000000000e+00    -7.74218802155021e-01   
13         cone3_4[0]              EQ 0.00000000000000e+00     0.00000000e+00     0.00000000e+00     -3.25622915190789e+02    -0.00000000000000e+00   
14         cone3_4[1]              EQ 0.00000000000000e+00     0.00000000e+00     0.00000000e+00     -3.12059421836151e+02    -0.00000000000000e+00   
15         cone3_4[2]              EQ 0.00000000000000e+00     0.00000000e+00     0.00000000e+00     -0.00000000000000e+00    -4.50167563535302e+02   
16         cone3_4[3]              EQ 0.00000000000000e+00     0.00000000e+00     0.00000000e+00     -2.40117042670834e+01    -0.00000000000000e+00   
17         cone3_6[0]              EQ 0.00000000000000e+00     0.00000000e+00     0.00000000e+00     -7.14038788001864e+01    -0.00000000000000e+00   
18         cone3_6[1]              EQ 0.00000000000000e+00     0.00000000e+00     0.00000000e+00     -7.32063993590435e+01    -0.00000000000000e+00   
19         cone3_6[2]              EQ 0.00000000000000e+00     0.00000000e+00     0.00000000e+00     -0.00000000000000e+00    -1.01132810739028e+02   
20         cone3_6[3]              EQ 0.00000000000000e+00     0.00000000e+00     0.00000000e+00     -0.00000000000000e+00    -1.50531163013786e+01   
21         cone4_5[0]              EQ 0.00000000000000e+00     0.00000000e+00     0.00000000e+00     -5.15952223377757e+01    -0.00000000000000e+00   
22         cone4_5[1]              EQ 0.00000000000000e+00     0.00000000e+00     0.00000000e+00     -4.86290807874027e+01    -0.00000000000000e+00   
23         cone4_5[2]              EQ 0.00000000000000e+00     0.00000000e+00     0.00000000e+00     -0.00000000000000e+00    -7.04513815649553e+01   
24         cone4_5[3]              EQ 0.00000000000000e+00     0.00000000e+00     0.00000000e+00     -0.00000000000000e+00    -7.39319218886909e+00   
25         cone5_10[0]             EQ 0.00000000000000e+00     0.00000000e+00     0.00000000e+00     -7.61930364167515e+01    -0.00000000000000e+00   
26         cone5_10[1]             EQ 0.00000000000000e+00     0.00000000e+00     0.00000000e+00     -7.74436895254582e+01    -0.00000000000000e+00   
27         cone5_10[2]             EQ 0.00000000000000e+00     0.00000000e+00     0.00000000e+00     -0.00000000000000e+00    -1.08631912513333e+02   
28         cone5_10[3]             EQ 0.00000000000000e+00     0.00000000e+00     0.00000000e+00     -0.00000000000000e+00    -6.68785934787920e-01   
29         cone5_11[0]             EQ 0.00000000000000e+00     0.00000000e+00     0.00000000e+00     -5.95409279912519e+01    -0.00000000000000e+00   
30         cone5_11[1]             EQ 0.00000000000000e+00     0.00000000e+00     0.00000000e+00     -6.12181428420572e+01    -0.00000000000000e+00   
31         cone5_11[2]             EQ 0.00000000000000e+00     0.00000000e+00     0.00000000e+00     -0.00000000000000e+00    -8.53702825941361e+01   
32         cone5_11[3]             EQ 0.00000000000000e+00     0.00000000e+00     0.00000000e+00     -0.00000000000000e+00    -1.37291736535234e+00   
33         cone5_12[0]             EQ 0.00000000000000e+00     0.00000000e+00     0.00000000e+00     -1.14846539890758e+02    -0.00000000000000e+00   
34         cone5_12[1]             EQ 0.00000000000000e+00     0.00000000e+00     0.00000000e+00     -1.19504221758721e+02    -0.00000000000000e+00   
35         cone5_12[2]             EQ 0.00000000000000e+00     0.00000000e+00     0.00000000e+00     -0.00000000000000e+00    -1.65656237944355e+02   
36         cone5_12[3]             EQ 0.00000000000000e+00     0.00000000e+00     0.00000000e+00     -0.00000000000000e+00    -2.70250506568182e+00   
37         cone6_7[0]              EQ 0.00000000000000e+00     0.00000000e+00     0.00000000e+00     -9.86889411519369e+01    -0.00000000000000e+00   
38         cone6_7[1]              EQ 0.00000000000000e+00     0.00000000e+00     0.00000000e+00     -8.47328515996002e+01    -0.00000000000000e+00   
39         cone6_7[2]              EQ 0.00000000000000e+00     0.00000000e+00     0.00000000e+00     -0.00000000000000e+00    -1.29322816168748e+02   
40         cone6_7[3]              EQ 0.00000000000000e+00     0.00000000e+00     0.00000000e+00     -0.00000000000000e+00    -0.00000000000000e+00   
41         cone6_8[0]              EQ 0.00000000000000e+00     0.00000000e+00     0.00000000e+00     -1.61244784656748e+02    -0.00000000000000e+00   
42         cone6_8[1]              EQ 0.00000000000000e+00     0.00000000e+00     0.00000000e+00     -1.77556391519182e+02    -0.00000000000000e+00   
43         cone6_8[2]              EQ 0.00000000000000e+00     0.00000000e+00     0.00000000e+00     -0.00000000000000e+00    -2.38479225649628e+02   
44         cone6_8[3]              EQ 0.00000000000000e+00     0.00000000e+00     0.00000000e+00     -0.00000000000000e+00    -1.96911940713385e+01   
45         cone8_9[0]              EQ 0.00000000000000e+00     0.00000000e+00     0.00000000e+00     -2.74551297488981e+02    -0.00000000000000e+00   
46         cone8_9[1]              EQ 0.00000000000000e+00     0.00000000e+00     0.00000000e+00     -2.80942748479959e+02    -0.00000000000000e+00   
47         cone8_9[2]              EQ 0.00000000000000e+00     0.00000000e+00     0.00000000e+00     -0.00000000000000e+00    -3.92753524391830e+02   
48         cone8_9[3]              EQ 0.00000000000000e+00     0.00000000e+00     0.00000000e+00     -0.00000000000000e+00    -3.32583573059555e+00   
49         cone8_13[0]             EQ 0.00000000000000e+00     0.00000000e+00     0.00000000e+00     -8.65677429652770e+01    -0.00000000000000e+00   
50         cone8_13[1]             EQ 0.00000000000000e+00     0.00000000e+00     0.00000000e+00     -9.61449441080916e+01    -0.00000000000000e+00   
51         cone8_13[2]             EQ 0.00000000000000e+00     0.00000000e+00     0.00000000e+00     -0.00000000000000e+00    -1.28845118630516e+02   
52         cone8_13[3]             EQ 0.00000000000000e+00     0.00000000e+00     0.00000000e+00     -0.00000000000000e+00    -6.71096030295387e+00   
53         flow_real[0]            EQ 1.83000000000000e+01     1.83000000e+01     1.83000000e+01     -0.00000000000000e+00    -7.29611198267345e-04   
54         flow_real[1]            EQ -9.42000000000000e+01    -9.42000000e+01    -9.42000000e+01    -0.00000000000000e+00    -2.83469329110902e-03   
55         flow_real[2]            EQ -4.78000000000000e+01    -4.78000000e+01    -4.78000000e+01    -0.00000000000000e+00    -6.78289500850990e-02   
56         flow_real[3]            EQ -7.60000000000000e+00    -7.60000000e+00    -7.60000000e+00    -0.00000000000000e+00    -5.40740878137298e-02   
57         flow_real[4]            EQ -1.12000000000000e+01    -1.12000000e+01    -1.12000000e+01    -0.00000000000000e+00    -7.27064107681177e-02   
58         flow_real[5]            EQ 0.00000000000000e+00     0.00000000e+00     0.00000000e+00     -0.00000000000000e+00    -9.93080268945420e-02   
59         flow_real[6]            EQ 0.00000000000000e+00     0.00000000e+00     0.00000000e+00     -0.00000000000000e+00    -9.93080268945420e-02   
60         flow_real[7]            EQ -2.95000000000000e+01    -2.95000000e+01    -2.95000000e+01    -0.00000000000000e+00    -1.20970309492421e-01   
61         flow_real[8]            EQ -9.00000000000000e+00    -9.00000000e+00    -9.00000000e+00    -0.00000000000000e+00    -1.25549124325281e-01   
62         flow_real[9]            EQ -3.50000000000000e+00    -3.50000000e+00    -3.50000000e+00    -0.00000000000000e+00    -7.58317515535386e-02   
63         flow_real[10]           EQ -6.10000000000000e+00    -6.10000000e+00    -6.10000000e+00    -0.00000000000000e+00    -7.89289379150830e-02   
64         flow_real[11]           EQ -1.35000000000000e+01    -1.35000000e+01    -1.35000000e+01    -0.00000000000000e+00    -7.91033337714813e-02   
65         flow_real[12]           EQ -1.49000000000000e+01    -1.49000000e+01    -1.49000000e+01    -0.00000000000000e+00    -1.49442285008345e-01   
66         flow_reac[0]            EQ 5.56620450000000e+00     5.56620450e+00     5.56620450e+00     -0.00000000000000e+00    -1.86491053325792e-03   
67         flow_reac[1]            EQ 1.34753441000000e+01     1.34753441e+01     1.34753441e+01     -0.00000000000000e+00    -3.91247632367410e-03   
68         flow_reac[2]            EQ 3.90000000000000e+00     3.90000000e+00     3.90000000e+00     -0.00000000000000e+00    -8.88976719711814e-02   
69         flow_reac[3]            EQ -1.60000000000000e+00    -1.60000000e+00    -1.60000000e+00    -0.00000000000000e+00    -8.06104105143943e-02   
70         flow_reac[4]            EQ 2.14509521000000e+01     2.14509521e+01     2.14509521e+01     -0.00000000000000e+00    -9.44209607498154e-02   
71         flow_reac[5]            EQ 0.00000000000000e+00     0.00000000e+00     0.00000000e+00     -0.00000000000000e+00    -1.20500061340636e-01   
72         flow_reac[6]            EQ 3.67439181000000e+01     3.67439181e+01     3.67439181e+01     -0.00000000000000e+00    -1.05540578922350e-01   
73         flow_reac[7]            EQ -1.66000000000000e+01    -1.66000000e+01    -1.66000000e+01    -0.00000000000000e+00    -1.40750834510320e-01   
74         flow_reac[8]            EQ -5.80000000000000e+00    -5.80000000e+00    -5.80000000e+00    -0.00000000000000e+00    -1.44390681437060e-01   
75         flow_reac[9]            EQ -1.80000000000000e+00    -1.80000000e+00    -1.80000000e+00    -0.00000000000000e+00    -9.75449653264009e-02   
76         flow_reac[10]           EQ -1.60000000000000e+00    -1.60000000e+00    -1.60000000e+00    -0.00000000000000e+00    -9.83747465100626e-02   
77         flow_reac[11]           EQ -5.80000000000000e+00    -5.80000000e+00    -5.80000000e+00    -0.00000000000000e+00    -9.82977234125199e-02   
78         flow_reac[12]           EQ -5.00000000000000e+00    -5.00000000e+00    -5.00000000e+00    -0.00000000000000e+00    -1.54187192439479e-01   

VARIABLES
INDEX      NAME                    AT ACTIVITY                 LOWER LIMIT        UPPER LIMIT        DUAL LOWER               DUAL UPPER               DUAL CONIC              
0          u[0]                    SB 7.94505179341205e-01     0.00000000e+00     NONE               -0.00000000000000e+00    -0.00000000000000e+00    -0.00000000000000e+00   
1          u[1]                    SB 7.72178261023681e-01     0.00000000e+00     NONE               -0.00000000000000e+00    -0.00000000000000e+00    -0.00000000000000e+00   
2          u[2]                    SB 7.21319579073798e-01     0.00000000e+00     NONE               -0.00000000000000e+00    -0.00000000000000e+00    -0.00000000000000e+00   
3          u[3]                    SB 5.48771277573563e-01     0.00000000e+00     NONE               -0.00000000000000e+00    -0.00000000000000e+00    -0.00000000000000e+00   
4          u[4]                    SB 5.72623534631419e-01     0.00000000e+00     NONE               -0.00000000000000e+00    -0.00000000000000e+00    -0.00000000000000e+00   
5          u[5]                    SB 6.07548272402433e-01     0.00000000e+00     NONE               -0.00000000000000e+00    -0.00000000000000e+00    -0.00000000000000e+00   
6          u[6]                    SB 5.35254747713875e-01     0.00000000e+00     NONE               -0.00000000000000e+00    -0.00000000000000e+00    -0.00000000000000e+00   
7          u[7]                    SB 6.23429046575453e-01     0.00000000e+00     NONE               -0.00000000000000e+00    -0.00000000000000e+00    -0.00000000000000e+00   
8          u[8]                    SB 4.86078554607015e-01     0.00000000e+00     NONE               -0.00000000000000e+00    -0.00000000000000e+00    -0.00000000000000e+00   
9          u[9]                    SB 4.75000372173607e-01     0.00000000e+00     NONE               -0.00000000000000e+00    -0.00000000000000e+00    -0.00000000000000e+00   
10         u[10]                   SB 5.97720886801604e-01     0.00000000e+00     NONE               -0.00000000000000e+00    -0.00000000000000e+00    -0.00000000000000e+00   
11         u[11]                   SB 5.90885815990446e-01     0.00000000e+00     NONE               -0.00000000000000e+00    -0.00000000000000e+00    -0.00000000000000e+00   
12         u[12]                   SB 5.83839013839381e-01     0.00000000e+00     NONE               -0.00000000000000e+00    -0.00000000000000e+00    -0.00000000000000e+00   
13         u[13]                   SB 4.37656514788590e-01     0.00000000e+00     NONE               -0.00000000000000e+00    -0.00000000000000e+00    -0.00000000000000e+00   
14         R[0]                    SB 1.10667407687582e+00     0.00000000e+00     NONE               -1.93888208257046e-07    -0.00000000000000e+00    -0.00000000000000e+00   
15         R[1]                    SB 8.97626456875459e-01     0.00000000e+00     NONE               -2.07663043468210e-07    -0.00000000000000e+00    -0.00000000000000e+00   
16         R[2]                    SB 1.03768737013483e+00     0.00000000e+00     NONE               -1.84521972473957e-07    -0.00000000000000e+00    -0.00000000000000e+00   
17         R[3]                    SB 7.91641160690387e-01     0.00000000e+00     NONE               -2.26152853816885e-07    -0.00000000000000e+00    -0.00000000000000e+00   
18         R[4]                    SB 7.58110147776060e-01     0.00000000e+00     NONE               -2.41792809073111e-07    -0.00000000000000e+00    -0.00000000000000e+00   
19         R[5]                    SB 8.29585248704080e-01     0.00000000e+00     NONE               -2.20534280715210e-07    -0.00000000000000e+00    -0.00000000000000e+00   
20         R[6]                    SB 8.52209481974961e-01     0.00000000e+00     NONE               -2.15563322911442e-07    -0.00000000000000e+00    -0.00000000000000e+00   
21         R[7]                    SB 8.47229202118488e-01     0.00000000e+00     NONE               -2.15963664410612e-07    -0.00000000000000e+00    -0.00000000000000e+00   
22         R[8]                    SB 8.42158958916990e-01     0.00000000e+00     NONE               -2.17984140409917e-07    -0.00000000000000e+00    -0.00000000000000e+00   
23         R[9]                    SB 8.16937401111184e-01     0.00000000e+00     NONE               -2.37446884630888e-07    -0.00000000000000e+00    -0.00000000000000e+00   
24         R[10]                   SB 7.18907315788219e-01     0.00000000e+00     NONE               -2.60157630958910e-07    -0.00000000000000e+00    -0.00000000000000e+00   
25         R[11]                   SB 6.79515865824252e-01     0.00000000e+00     NONE               -2.73812300894085e-07    -0.00000000000000e+00    -0.00000000000000e+00   
26         R[12]                   SB 6.51398166170816e-01     0.00000000e+00     NONE               -2.67827220488158e-07    -0.00000000000000e+00    -0.00000000000000e+00   
27         I[0]                    SB 4.76626597600744e-02     NONE               NONE               -0.00000000000000e+00    -0.00000000000000e+00    -0.00000000000000e+00   
28         I[1]                    SB 3.22756056191195e-01     NONE               NONE               -0.00000000000000e+00    -0.00000000000000e+00    -0.00000000000000e+00   
29         I[2]                    SB 1.92819803682852e-01     NONE               NONE               -0.00000000000000e+00    -0.00000000000000e+00    -0.00000000000000e+00   
30         I[3]                    SB -4.22252816827301e-02    NONE               NONE               -0.00000000000000e+00    -0.00000000000000e+00    -0.00000000000000e+00   
31         I[4]                    SB 1.12844417058613e-01     NONE               NONE               -0.00000000000000e+00    -0.00000000000000e+00    -0.00000000000000e+00   
32         I[5]                    SB 8.70700398498162e-02     NONE               NONE               -0.00000000000000e+00    -0.00000000000000e+00    -0.00000000000000e+00   
33         I[6]                    SB 5.25185998614057e-03     NONE               NONE               -0.00000000000000e+00    -0.00000000000000e+00    -0.00000000000000e+00   
34         I[7]                    SB 1.36378499602587e-02     NONE               NONE               -0.00000000000000e+00    -0.00000000000000e+00    -0.00000000000000e+00   
35         I[8]                    SB 1.37497499483866e-02     NONE               NONE               -0.00000000000000e+00    -0.00000000000000e+00    -0.00000000000000e+00   
36         I[9]                    SB -0.00000000000000e+00    NONE               NONE               -0.00000000000000e+00    -0.00000000000000e+00    -0.00000000000000e+00   
37         I[10]                   SB 5.93631136219300e-02     NONE               NONE               -0.00000000000000e+00    -0.00000000000000e+00    -0.00000000000000e+00   
38         I[11]                   SB 5.76001999955829e-03     NONE               NONE               -0.00000000000000e+00    -0.00000000000000e+00    -0.00000000000000e+00   
39         I[12]                   SB 3.39311199280468e-02     NONE               NONE               -0.00000000000000e+00    -0.00000000000000e+00    -0.00000000000000e+00   
40         cone0_1[0].coneslack    SB 7.94505179341205e-01     NONE               NONE               -0.00000000000000e+00    -0.00000000000000e+00    -2.93885571415355e+00   
41         cone0_1[1].coneslack    SB 7.72178261023681e-01     NONE               NONE               -0.00000000000000e+00    -0.00000000000000e+00    -3.02274848813309e+00   
42         cone0_1[2].coneslack    SB 1.10667407687582e+00     NONE               NONE               -0.00000000000000e+00    -0.00000000000000e+00    4.21117151371878e+00    
43         cone0_1[3].coneslack    SB 4.76626597600744e-02     NONE               NONE               -0.00000000000000e+00    -0.00000000000000e+00    1.81318566796441e-01    
44         cone0_4[0].coneslack    SB 7.94505179341205e-01     NONE               NONE               -0.00000000000000e+00    -0.00000000000000e+00    -2.59528839992416e+01   
45         cone0_4[1].coneslack    SB 5.72623534631419e-01     NONE               NONE               -0.00000000000000e+00    -0.00000000000000e+00    -3.60150234276632e+01   
46         cone0_4[2].coneslack    SB 8.97626456875459e-01     NONE               NONE               -0.00000000000000e+00    -0.00000000000000e+00    4.06858244272989e+01    
47         cone0_4[3].coneslack    SB 3.22756056191195e-01     NONE               NONE               -0.00000000000000e+00    -0.00000000000000e+00    1.46304864537467e+01    
48         cone1_2[0].coneslack    SB 7.72178261017289e-01     NONE               NONE               -0.00000000000000e+00    -0.00000000000000e+00    -2.89680766156098e+00   
49         cone1_2[1].coneslack    SB 7.21319579073798e-01     NONE               NONE               -0.00000000000000e+00    -0.00000000000000e+00    -3.10085524050208e+00   
50         cone1_2[2].coneslack    SB 1.03768737013483e+00     NONE               NONE               -0.00000000000000e+00    -0.00000000000000e+00    4.16722291461487e+00    
51         cone1_2[3].coneslack    SB 1.92819803682852e-01     NONE               NONE               -0.00000000000000e+00    -0.00000000000000e+00    7.74218802155020e-01    
52         cone3_4[0].coneslack    SB 5.48771277573563e-01     NONE               NONE               -0.00000000000000e+00    -0.00000000000000e+00    -3.25622915194515e+02   
53         cone3_4[1].coneslack    SB 5.72623538872573e-01     NONE               NONE               -0.00000000000000e+00    -0.00000000000000e+00    -3.12059421839878e+02   
54         cone3_4[2].coneslack    SB 7.91641160690387e-01     NONE               NONE               -0.00000000000000e+00    -0.00000000000000e+00    4.50167563532666e+02    
55         cone3_4[3].coneslack    SB -4.22252816827301e-02    NONE               NONE               -0.00000000000000e+00    -0.00000000000000e+00    -2.40117042670835e+01   
56         cone3_6[0].coneslack    SB 5.48771273693583e-01     NONE               NONE               -0.00000000000000e+00    -0.00000000000000e+00    -7.14038788039133e+01   
57         cone3_6[1].coneslack    SB 5.35254747713875e-01     NONE               NONE               -0.00000000000000e+00    -0.00000000000000e+00    -7.32063993627704e+01   
58         cone3_6[2].coneslack    SB 7.58110147776060e-01     NONE               NONE               -0.00000000000000e+00    -0.00000000000000e+00    1.01132810736392e+02    
59         cone3_6[3].coneslack    SB 1.12844417058613e-01     NONE               NONE               -0.00000000000000e+00    -0.00000000000000e+00    1.50531163013786e+01    
60         cone4_5[0].coneslack    SB 5.72623534332846e-01     NONE               NONE               -0.00000000000000e+00    -0.00000000000000e+00    -5.15952223415026e+01   
61         cone4_5[1].coneslack    SB 6.07548272402433e-01     NONE               NONE               -0.00000000000000e+00    -0.00000000000000e+00    -4.86290807911296e+01   
62         cone4_5[2].coneslack    SB 8.29585248704080e-01     NONE               NONE               -0.00000000000000e+00    -0.00000000000000e+00    7.04513815623199e+01    
63         cone4_5[3].coneslack    SB 8.70700398498162e-02     NONE               NONE               -0.00000000000000e+00    -0.00000000000000e+00    7.39319218886909e+00    
64         cone5_10[0].coneslack   SB 6.07548272716948e-01     NONE               NONE               -0.00000000000000e+00    -0.00000000000000e+00    -7.61930364204784e+01   
65         cone5_10[1].coneslack   SB 5.97720886801604e-01     NONE               NONE               -0.00000000000000e+00    -0.00000000000000e+00    -7.74436895291851e+01   
66         cone5_10[2].coneslack   SB 8.52209481974961e-01     NONE               NONE               -0.00000000000000e+00    -0.00000000000000e+00    1.08631912510697e+02    
67         cone5_10[3].coneslack   SB 5.25185998614057e-03     NONE               NONE               -0.00000000000000e+00    -0.00000000000000e+00    6.68785934787928e-01    
68         cone5_11[0].coneslack   SB 6.07548272549673e-01     NONE               NONE               -0.00000000000000e+00    -0.00000000000000e+00    -5.95409279949788e+01   
69         cone5_11[1].coneslack   SB 5.90885815990446e-01     NONE               NONE               -0.00000000000000e+00    -0.00000000000000e+00    -6.12181428457841e+01   
70         cone5_11[2].coneslack   SB 8.47229202118488e-01     NONE               NONE               -0.00000000000000e+00    -0.00000000000000e+00    8.53702825915008e+01    
71         cone5_11[3].coneslack   SB 1.36378499602587e-02     NONE               NONE               -0.00000000000000e+00    -0.00000000000000e+00    1.37291736535234e+00    
72         cone5_12[0].coneslack   SB 6.07548272039160e-01     NONE               NONE               -0.00000000000000e+00    -0.00000000000000e+00    -1.14846539894485e+02   
73         cone5_12[1].coneslack   SB 5.83839013839381e-01     NONE               NONE               -0.00000000000000e+00    -0.00000000000000e+00    -1.19504221762447e+02   
74         cone5_12[2].coneslack   SB 8.42158958916990e-01     NONE               NONE               -0.00000000000000e+00    -0.00000000000000e+00    1.65656237941720e+02    
75         cone5_12[3].coneslack   SB 1.37497499483866e-02     NONE               NONE               -0.00000000000000e+00    -0.00000000000000e+00    2.70250506568183e+00    
76         cone6_7[0].coneslack    SB 5.35254747605255e-01     NONE               NONE               -0.00000000000000e+00    -0.00000000000000e+00    -9.86889411556638e+01   
77         cone6_7[1].coneslack    SB 6.23429046575453e-01     NONE               NONE               -0.00000000000000e+00    -0.00000000000000e+00    -8.47328516070540e+01   
78         cone6_7[2].coneslack    SB 8.16937398637812e-01     NONE               NONE               -0.00000000000000e+00    -0.00000000000000e+00    1.29322816168748e+02    
79         cone6_7[3].coneslack    SB -0.00000000000000e+00    NONE               NONE               -0.00000000000000e+00    -0.00000000000000e+00    -0.00000000000000e+00   
80         cone6_8[0].coneslack    SB 5.35254747664497e-01     NONE               NONE               -0.00000000000000e+00    -0.00000000000000e+00    -1.61244784660475e+02   
81         cone6_8[1].coneslack    SB 4.86078554607015e-01     NONE               NONE               -0.00000000000000e+00    -0.00000000000000e+00    -1.77556391522909e+02   
82         cone6_8[2].coneslack    SB 7.18907315788219e-01     NONE               NONE               -0.00000000000000e+00    -0.00000000000000e+00    2.38479225646993e+02    
83         cone6_8[3].coneslack    SB 5.93631136164504e-02     NONE               NONE               -0.00000000000000e+00    -0.00000000000000e+00    1.96911940713385e+01    
84         cone8_9[0].coneslack    SB 4.86078555733432e-01     NONE               NONE               -0.00000000000000e+00    -0.00000000000000e+00    -2.74551297492708e+02   
85         cone8_9[1].coneslack    SB 4.75000372173607e-01     NONE               NONE               -0.00000000000000e+00    -0.00000000000000e+00    -2.80942748483685e+02   
86         cone8_9[2].coneslack    SB 6.79515865824252e-01     NONE               NONE               -0.00000000000000e+00    -0.00000000000000e+00    3.92753524389195e+02    
87         cone8_9[3].coneslack    SB 5.76001999955829e-03     NONE               NONE               -0.00000000000000e+00    -0.00000000000000e+00    3.32583573059553e+00    
88         cone8_13[0].coneslack   SB 4.86078554738699e-01     NONE               NONE               -0.00000000000000e+00    -0.00000000000000e+00    -8.65677429690039e+01   
89         cone8_13[1].coneslack   SB 4.37656514788590e-01     NONE               NONE               -0.00000000000000e+00    -0.00000000000000e+00    -9.61449441118185e+01   
90         cone8_13[2].coneslack   SB 6.51398166170816e-01     NONE               NONE               -0.00000000000000e+00    -0.00000000000000e+00    1.28845118627881e+02    
91         cone8_13[3].coneslack   SB 3.39311199280468e-02     NONE               NONE               -0.00000000000000e+00    -0.00000000000000e+00    6.71096030295386e+00    
